<?xml version="1.0" encoding="UTF-8"?>
<!-- Generated by org.testng.reporters.JUnitXMLReporter -->
<testsuite ignored="0" hostname="IBM-PF3TP8NY" failures="0" tests="3" name="submitOrderTest" time="67.998" errors="0" timestamp="2024-03-21T12:10:26 IST">
  <testcase classname="rahulShettyAcadamy.tests.submitOrderTest" name="SubmitOrder" time="21.599"/>
  <testcase classname="rahulShettyAcadamy.tests.submitOrderTest" name="SubmitOrder" time="17.793"/>
  <testcase classname="rahulShettyAcadamy.tests.submitOrderTest" name="checkOrderIsPlaced" time="1.035"/>
</testsuite> <!-- submitOrderTest -->
