<?xml version="1.0" encoding="UTF-8"?>
<!-- Generated by org.testng.reporters.JUnitXMLReporter -->
<testsuite ignored="0" hostname="IBM-PF3TP8NY" failures="1" tests="3" name="errorValidationTest" time="16.663" errors="0" timestamp="2024-03-21T16:37:22 IST">
  <testcase classname="rahulShettyAcadamy.tests.errorValidationTest" name="loginErrorValidation" time="0.449">
    <skipped/>
  </testcase> <!-- loginErrorValidation -->
  <testcase classname="rahulShettyAcadamy.tests.errorValidationTest" name="loginErrorValidation" time="0.395">
    <failure type="java.lang.AssertionError" message="expected [Icorrect email or password.] but found [Incorrect email or password.]">
      <![CDATA[java.lang.AssertionError: expected [Icorrect email or password.] but found [Incorrect email or password.]
at rahulShettyAcadamy.tests.errorValidationTest.loginErrorValidation(errorValidationTest.java:23)
at java.base/java.util.ArrayList.forEach(ArrayList.java:1511)
at java.base/java.util.concurrent.FutureTask.run(FutureTask.java:264)
at java.base/java.util.concurrent.ThreadPoolExecutor.runWorker(ThreadPoolExecutor.java:1136)
at java.base/java.util.concurrent.ThreadPoolExecutor$Worker.run(ThreadPoolExecutor.java:635)
at java.base/java.lang.Thread.run(Thread.java:842)
... Removed 23 stack frames]]>
    </failure>
  </testcase> <!-- loginErrorValidation -->
  <testcase classname="rahulShettyAcadamy.tests.errorValidationTest" name="productCatelogErrorValidation" time="8.556"/>
</testsuite> <!-- errorValidationTest -->
