<?xml version="1.0" encoding="UTF-8"?>
<!-- Generated by org.testng.reporters.JUnitXMLReporter -->
<testsuite ignored="1" hostname="IBM-PF3TP8NY" failures="0" tests="2" name="submitOrderTest" time="35.12" errors="0" timestamp="2024-03-21T18:59:58 IST">
  <testcase classname="rahulShettyAcadamy.tests.submitOrderTest" name="SubmitOrder" time="14.503"/>
  <testcase classname="rahulShettyAcadamy.tests.submitOrderTest" name="SubmitOrder" time="14.604"/>
  <testcase classname="rahulShettyAcadamy.tests.submitOrderTest" name="checkOrderIsPlaced" time="0.0">
    <ignored/>
  </testcase> <!-- checkOrderIsPlaced -->
</testsuite> <!-- submitOrderTest -->
