<?xml version="1.0" encoding="UTF-8"?>
<testng-results ignored="0" total="2" passed="2" failed="0" skipped="0">
  <reporter-output>
  </reporter-output>
  <suite started-at="2024-03-21T18:59:23 IST" name="Suite" finished-at="2024-03-21T18:59:58 IST" duration-ms="35120">
    <groups>
      <group name="errorHandling">
        <method signature="submitOrderTest.SubmitOrder(java.util.HashMap)[pri:0, instance:rahulShettyAcadamy.tests.submitOrderTest@74fe5c40]" name="SubmitOrder" class="rahulShettyAcadamy.tests.submitOrderTest"/>
      </group> <!-- errorHandling -->
    </groups>
    <test started-at="2024-03-21T18:59:23 IST" name="submitOrderTest" finished-at="2024-03-21T18:59:58 IST" duration-ms="35120">
      <class name="rahulShettyAcadamy.tests.submitOrderTest">
        <test-method is-config="true" signature="launchApplication()[pri:0, instance:rahulShettyAcadamy.tests.submitOrderTest@74fe5c40]" started-at="2024-03-21T18:59:23 IST" name="launchApplication" finished-at="2024-03-21T18:59:26 IST" duration-ms="3062" status="PASS">
          <reporter-output>
          </reporter-output>
        </test-method> <!-- launchApplication -->
        <test-method signature="SubmitOrder(java.util.HashMap)[pri:0, instance:rahulShettyAcadamy.tests.submitOrderTest@74fe5c40]" started-at="2024-03-21T18:59:26 IST" name="SubmitOrder" data-provider="getdata" finished-at="2024-03-21T18:59:41 IST" duration-ms="14503" status="PASS">
          <params>
            <param index="0">
              <value>
                <![CDATA[{password=Test@123, emailId=testsel@gmail.com, productName=ZARA COAT 3}]]>
              </value>
            </param>
          </params>
          <reporter-output>
          </reporter-output>
        </test-method> <!-- SubmitOrder -->
        <test-method is-config="true" signature="closedriver()[pri:0, instance:rahulShettyAcadamy.tests.submitOrderTest@74fe5c40]" started-at="2024-03-21T18:59:41 IST" name="closedriver" finished-at="2024-03-21T18:59:41 IST" duration-ms="33" status="PASS">
          <reporter-output>
          </reporter-output>
        </test-method> <!-- closedriver -->
        <test-method is-config="true" signature="launchApplication()[pri:0, instance:rahulShettyAcadamy.tests.submitOrderTest@74fe5c40]" started-at="2024-03-21T18:59:41 IST" name="launchApplication" finished-at="2024-03-21T18:59:44 IST" duration-ms="2658" status="PASS">
          <reporter-output>
          </reporter-output>
        </test-method> <!-- launchApplication -->
        <test-method signature="SubmitOrder(java.util.HashMap)[pri:0, instance:rahulShettyAcadamy.tests.submitOrderTest@74fe5c40]" started-at="2024-03-21T18:59:44 IST" name="SubmitOrder" data-provider="getdata" finished-at="2024-03-21T18:59:58 IST" duration-ms="14604" status="PASS">
          <params>
            <param index="0">
              <value>
                <![CDATA[{password=Test@123, emailId=testD@gmail.com, productName=ADIDAS ORIGINAL}]]>
              </value>
            </param>
          </params>
          <reporter-output>
          </reporter-output>
        </test-method> <!-- SubmitOrder -->
        <test-method is-config="true" signature="closedriver()[pri:0, instance:rahulShettyAcadamy.tests.submitOrderTest@74fe5c40]" started-at="2024-03-21T18:59:58 IST" name="closedriver" finished-at="2024-03-21T18:59:58 IST" duration-ms="42" status="PASS">
          <reporter-output>
          </reporter-output>
        </test-method> <!-- closedriver -->
      </class> <!-- rahulShettyAcadamy.tests.submitOrderTest -->
    </test> <!-- submitOrderTest -->
  </suite> <!-- Suite -->
</testng-results>
